<?xml version="1.0" encoding="UTF-8"?>
<!-- Generated by org.testng.reporters.JUnitReportReporter -->
<testsuite hostname="hp-PC" name="Academy.validateNavigationBar" tests="1" failures="0" timestamp="27 Sep 2021 14:30:21 GMT" time="0.217" errors="0">
  <testcase name="validateAppNavBar" time="0.217" classname="Academy.validateNavigationBar"/>
</testsuite> <!-- Academy.validateNavigationBar -->
