<?xml version="1.0" encoding="UTF-8"?>
<!-- Generated by org.testng.reporters.JUnitReportReporter -->
<testsuite hostname="hp-PC" name="Academy.HomePage" tests="2" failures="0" timestamp="27 Sep 2021 14:30:21 GMT" time="58.281" errors="0">
  <testcase name="basePageNavigation" time="10.697" classname="Academy.HomePage"/>
  <testcase name="basePageNavigation" time="47.584" classname="Academy.HomePage"/>
</testsuite> <!-- Academy.HomePage -->
